<?xml version="1.0" encoding="utf-8"?><testsuites name="pytest tests"><testsuite name="pytest" errors="0" failures="0" skipped="0" tests="18" time="3.539" timestamp="2026-02-19T16:04:05.631416+00:00" hostname="agent-env-229e6d90-d6fc-4318-a237-ce2966107920"><testcase classname="tests.test_migrated_routes.TestProductFamiliesRoutes" name="test_get_product_families" time="0.659" /><testcase classname="tests.test_migrated_routes.TestProductFamiliesRoutes" name="test_seed_product_families" time="0.138" /><testcase classname="tests.test_migrated_routes.TestProductsInstalledRoutes" name="test_get_products_installed" time="0.169" /><testcase classname="tests.test_migrated_routes.TestProductivityRoutes" name="test_get_productivity_metrics" time="0.118" /><testcase classname="tests.test_migrated_routes.TestProductivityRoutes" name="test_get_productivity_history" time="0.110" /><testcase classname="tests.test_migrated_routes.TestCalendarRoutes" name="test_get_google_auth_status" time="0.175" /><testcase classname="tests.test_migrated_routes.TestCalendarRoutes" name="test_get_google_login_url" time="0.179" /><testcase classname="tests.test_migrated_routes.TestCalendarRoutes" name="test_get_calendar_events_without_connection" time="0.155" /><testcase classname="tests.test_migrated_routes.TestNotificationRoutes" name="test_get_vapid_public_key" time="0.197" /><testcase classname="tests.test_migrated_routes.TestNotificationRoutes" name="test_get_notification_status" time="0.175" /><testcase classname="tests.test_migrated_routes.TestNotificationRoutes" name="test_post_notifications_subscribe" time="0.109" /><testcase classname="tests.test_migrated_routes.TestExistingRoutes" name="test_get_jobs" time="0.132" /><testcase classname="tests.test_migrated_routes.TestExistingRoutes" name="test_get_installers" time="0.131" /><testcase classname="tests.test_migrated_routes.TestExistingRoutes" name="test_get_checkins" time="0.153" /><testcase classname="tests.test_migrated_routes.TestExistingRoutes" name="test_get_reports_by_family" time="0.120" /><testcase classname="tests.test_migrated_routes.TestAuthentication" name="test_login_success" time="0.515" /><testcase classname="tests.test_migrated_routes.TestAuthentication" name="test_login_invalid_credentials" time="0.113" /><testcase classname="tests.test_migrated_routes.TestAuthentication" name="test_get_me" time="0.124" /></testsuite></testsuites>