<?xml version="1.0" encoding="utf-8"?><testsuites name="pytest tests"><testsuite name="pytest" errors="0" failures="0" skipped="0" tests="19" time="24.324" timestamp="2026-04-10T16:46:41.318381+00:00" hostname="agent-env-282ce534-5f91-4114-8a50-a62a4faf7ea9"><testcase classname="tests.test_auth_jobs_api.TestAPIHealth" name="test_api_root_online" time="0.155" /><testcase classname="tests.test_auth_jobs_api.TestAuthentication" name="test_login_success" time="0.482" /><testcase classname="tests.test_auth_jobs_api.TestAuthentication" name="test_login_invalid_credentials" time="0.205" /><testcase classname="tests.test_auth_jobs_api.TestAuthentication" name="test_auth_me_returns_user_data" time="0.668" /><testcase classname="tests.test_auth_jobs_api.TestAuthentication" name="test_auth_me_without_token_fails" time="0.122" /><testcase classname="tests.test_auth_jobs_api.TestForgotResetPassword" name="test_forgot_password_endpoint" time="0.597" /><testcase classname="tests.test_auth_jobs_api.TestForgotResetPassword" name="test_forgot_password_nonexistent_email" time="0.171" /><testcase classname="tests.test_auth_jobs_api.TestForgotResetPassword" name="test_reset_password_invalid_token" time="0.238" /><testcase classname="tests.test_auth_jobs_api.TestForgotResetPassword" name="test_verify_reset_token_invalid" time="0.208" /><testcase classname="tests.test_auth_jobs_api.TestJobsEndpoints" name="test_list_jobs" time="2.898" /><testcase classname="tests.test_auth_jobs_api.TestJobsEndpoints" name="test_list_jobs_without_auth_fails" time="0.613" /><testcase classname="tests.test_auth_jobs_api.TestJobsEndpoints" name="test_get_single_job" time="2.950" /><testcase classname="tests.test_auth_jobs_api.TestJobsEndpoints" name="test_get_nonexistent_job" time="0.681" /><testcase classname="tests.test_auth_jobs_api.TestInstallersEndpoints" name="test_list_installers" time="0.678" /><testcase classname="tests.test_auth_jobs_api.TestInstallersEndpoints" name="test_list_installers_without_auth_fails" time="0.546" /><testcase classname="tests.test_auth_jobs_api.TestItemAssignment" name="test_assign_items_to_installers" time="4.208" /><testcase classname="tests.test_auth_jobs_api.TestItemAssignment" name="test_assign_items_invalid_job" time="4.238" /><testcase classname="tests.test_auth_jobs_api.TestItemAssignment" name="test_get_job_assignments" time="3.907" /><testcase classname="tests.test_auth_jobs_api.TestTeamCalendar" name="test_team_calendar_jobs" time="0.704" /></testsuite></testsuites>