<?xml version="1.0" encoding="utf-8"?><testsuites name="pytest tests"><testsuite name="pytest" errors="0" failures="0" skipped="0" tests="11" time="4.852" timestamp="2026-03-06T14:30:09.151437+00:00" hostname="agent-env-282ce534-5f91-4114-8a50-a62a4faf7ea9"><testcase classname="backend.tests.test_jobs_filters.TestAuth" name="test_admin_login" time="0.358" /><testcase classname="backend.tests.test_jobs_filters.TestAuth" name="test_installer_login" time="0.348" /><testcase classname="backend.tests.test_jobs_filters.TestJobsFiltering" name="test_get_all_jobs_admin" time="0.480" /><testcase classname="backend.tests.test_jobs_filters.TestJobsFiltering" name="test_job_with_instalando_status_exists" time="0.485" /><testcase classname="backend.tests.test_jobs_filters.TestJobsFiltering" name="test_job_with_pausado_status_exists" time="0.443" /><testcase classname="backend.tests.test_jobs_filters.TestJobsFiltering" name="test_job_with_scheduled_date_exists" time="0.450" /><testcase classname="backend.tests.test_jobs_filters.TestJobsFiltering" name="test_job_with_aguardando_status_exists" time="0.478" /><testcase classname="backend.tests.test_jobs_filters.TestInstallerJobAccess" name="test_installer_sees_assigned_jobs" time="0.443" /><testcase classname="backend.tests.test_jobs_filters.TestInstallerJobAccess" name="test_elvis_sees_scheduled_job" time="0.430" /><testcase classname="backend.tests.test_jobs_filters.TestInstallerJobAccess" name="test_archived_items_info_in_job" time="0.453" /><testcase classname="backend.tests.test_jobs_filters.TestJobUpdateValidation" name="test_job_with_float_total_quantity" time="0.433" /></testsuite></testsuites>