<?xml version="1.0" encoding="utf-8"?><testsuites name="pytest tests"><testsuite name="pytest" errors="0" failures="0" skipped="0" tests="13" time="2.797" timestamp="2026-02-19T16:24:56.979107+00:00" hostname="agent-env-229e6d90-d6fc-4318-a237-ce2966107920"><testcase classname="tests.test_jobs_routes.TestAuthenticationSetup" name="test_login_success" time="0.474" /><testcase classname="tests.test_jobs_routes.TestJobsListEndpoints" name="test_list_jobs" time="0.377" /><testcase classname="tests.test_jobs_routes.TestJobsListEndpoints" name="test_list_jobs_unauthorized" time="0.124" /><testcase classname="tests.test_jobs_routes.TestJobDetailEndpoint" name="test_get_job_not_found" time="0.128" /><testcase classname="tests.test_jobs_routes.TestJobDetailEndpoint" name="test_get_existing_job" time="0.157" /><testcase classname="tests.test_jobs_routes.TestTeamCalendarEndpoint" name="test_team_calendar" time="0.077" /><testcase classname="tests.test_jobs_routes.TestSyncStatusEndpoint" name="test_sync_status" time="0.074" /><testcase classname="tests.test_jobs_routes.TestImportCurrentMonthEndpoint" name="test_import_current_month" time="0.401" /><testcase classname="tests.test_jobs_routes.TestJobJustificationsEndpoint" name="test_list_justifications" time="0.058" /><testcase classname="tests.test_jobs_routes.TestHoldprintJobsEndpoint" name="test_holdprint_jobs_poa" time="0.199" /><testcase classname="tests.test_jobs_routes.TestHoldprintJobsEndpoint" name="test_holdprint_jobs_invalid_branch" time="0.073" /><testcase classname="tests.test_jobs_routes.TestJobUpdateEndpoints" name="test_update_job_not_found" time="0.071" /><testcase classname="tests.test_jobs_routes.TestRouterIntegration" name="test_all_routes_accessible" time="0.519" /></testsuite></testsuites>